<?xml version="1.0" encoding="UTF-8"?>
<!-- Generated by org.testng.reporters.JUnitReportReporter -->
<testsuite skipped="0" hostname="BRDLION" name="automatonFramework.TestNG1" tests="2" failures="0" timestamp="11 May 2019 12:19:14 GMT" time="0.008" errors="0">
  <testcase name="testCase2" time="0.002" classname="automatonFramework.TestNG1"/>
  <testcase name="testCase1" time="0.006" classname="automatonFramework.TestNG1"/>
</testsuite> <!-- automatonFramework.TestNG1 -->
