<?xml version="1.0" encoding="UTF-8"?>
<!-- Generated by org.testng.reporters.JUnitReportReporter -->
<testsuite skipped="1" hostname="BRDLION" name="automatonFramework.Skippingtestcase" tests="4" failures="0" timestamp="11 May 2019 13:00:19 GMT" time="0.012" errors="0">
  <testcase name="One" time="0.006" classname="automatonFramework.Skippingtestcase"/>
  <testcase name="Two" time="0.004" classname="automatonFramework.Skippingtestcase"/>
  <testcase name="Four" time="0.002" classname="automatonFramework.Skippingtestcase"/>
  <testcase name="Three" classname="automatonFramework.Skippingtestcase">
    <skipped/>
  </testcase> <!-- Three -->
</testsuite> <!-- automatonFramework.Skippingtestcase -->
