<?xml version="1.0" encoding="UTF-8"?>
<!-- Generated by org.testng.reporters.JUnitReportReporter -->
<testsuite skipped="0" hostname="BRDLION" name="automatonFramework.TestNG" tests="1" failures="0" timestamp="11 May 2019 12:19:01 GMT" time="26.053" errors="0">
  <testcase name="main" time="26.053" classname="automatonFramework.TestNG"/>
</testsuite> <!-- automatonFramework.TestNG -->
