<?xml version="1.0" encoding="UTF-8"?>
<!-- Generated by org.testng.reporters.JUnitReportReporter -->
<testsuite skipped="0" hostname="BRDLION" name="automatonFramework.Dependent" tests="3" failures="0" timestamp="11 May 2019 12:54:26 GMT" time="0.009" errors="0">
  <testcase name="SignIn" time="0.002" classname="automatonFramework.Dependent"/>
  <testcase name="OpenBrowser" time="0.006" classname="automatonFramework.Dependent"/>
  <testcase name="LogOut" time="0.001" classname="automatonFramework.Dependent"/>
</testsuite> <!-- automatonFramework.Dependent -->
